<?xml version="1.0" encoding="UTF-8"?>
<!-- Generated by org.testng.reporters.JUnitReportReporter -->
<testsuite name="crossbrowser.ParallelBrowser" tests="2" time="64.810" ignored="0" failures="0" timestamp="01 Jun 2021 09:23:14 GMT" skipped="0" hostname="LAPTOP-75G6PTHA" errors="0">
  <testcase name="Multi_browsers" time="33.858" classname="crossbrowser.ParallelBrowser"/>
  <testcase name="Multi_browsers" time="30.952" classname="crossbrowser.ParallelBrowser"/>
</testsuite> <!-- crossbrowser.ParallelBrowser -->
