<?xml version="1.0" encoding="UTF-8"?>
<!-- Generated by org.testng.reporters.JUnitReportReporter -->
<testsuite name="brokenlinks.BrokenLinkDemo" tests="1" time="21.959" ignored="0" failures="0" timestamp="14 May 2021 05:29:22 GMT" skipped="0" hostname="LAPTOP-75G6PTHA" errors="0">
  <testcase name="count_link" time="21.959" classname="brokenlinks.BrokenLinkDemo"/>
</testsuite> <!-- brokenlinks.BrokenLinkDemo -->
