<?xml version="1.0" encoding="UTF-8"?>
<!-- Generated by org.testng.reporters.JUnitReportReporter -->
<testsuite name="headlessBrowser.Htmlunnitdriver" tests="1" time="3.092" ignored="0" failures="0" timestamp="24 May 2021 08:07:33 GMT" skipped="0" hostname="LAPTOP-75G6PTHA" errors="0">
  <testcase name="HeadlessBrowserHtmlunit" time="3.092" classname="headlessBrowser.Htmlunnitdriver"/>
</testsuite> <!-- headlessBrowser.Htmlunnitdriver -->
