<?xml version="1.0" encoding="UTF-8"?>
<!-- Generated by org.testng.reporters.JUnitReportReporter -->
<testsuite name="testNg.prioritycase" tests="4" time="0.022" ignored="0" failures="0" timestamp="23 Jun 2021 06:51:02 GMT" skipped="0" hostname="LAPTOP-75G6PTHA" errors="0">
  <testcase name="test4" time="0.002" classname="testNg.prioritycase"/>
  <testcase name="test1" time="0.017" classname="testNg.prioritycase"/>
  <testcase name="test3" time="0.001" classname="testNg.prioritycase"/>
  <testcase name="test2" time="0.002" classname="testNg.prioritycase"/>
</testsuite> <!-- testNg.prioritycase -->
