<?xml version="1.0" encoding="UTF-8"?>
<!-- Generated by org.testng.reporters.JUnitReportReporter -->
<testsuite name="testNg.testngAnnotations" tests="2" time="0.009" ignored="0" failures="0" timestamp="27 May 2021 09:32:02 GMT" skipped="0" hostname="LAPTOP-75G6PTHA" errors="0">
  <testcase name="test2" time="0.002" classname="testNg.testngAnnotations"/>
  <testcase name="test1" time="0.007" classname="testNg.testngAnnotations"/>
</testsuite> <!-- testNg.testngAnnotations -->
