<?xml version="1.0" encoding="UTF-8"?>
<!-- Generated by org.testng.reporters.JUnitReportReporter -->
<testsuite name="waitFor.element_visible" tests="1" time="6.396" ignored="0" failures="0" timestamp="23 Apr 2021 13:55:56 GMT" skipped="0" hostname="LAPTOP-75G6PTHA" errors="0">
  <testcase name="visible" time="6.396" classname="waitFor.element_visible"/>
</testsuite> <!-- waitFor.element_visible -->
