<?xml version="1.0" encoding="UTF-8"?>
<!-- Generated by org.testng.reporters.JUnitReportReporter -->
<testsuite name="dropdowns.Dropdown" tests="2" time="26.855" ignored="0" failures="0" timestamp="07 May 2021 12:08:07 GMT" skipped="0" hostname="LAPTOP-75G6PTHA" errors="0">
  <testcase name="main" time="13.973" classname="dropdowns.Dropdown"/>
  <testcase name="main" time="12.882" classname="dropdowns.Dropdown"/>
</testsuite> <!-- dropdowns.Dropdown -->
