<?xml version="1.0" encoding="UTF-8"?>
<!-- Generated by org.testng.reporters.JUnitReportReporter -->
<testsuite name="IFrames_windows.Bootstrap_no_iframe" tests="1" time="12.699" ignored="0" failures="0" timestamp="22 May 2021 07:03:55 GMT" skipped="0" hostname="LAPTOP-75G6PTHA" errors="0">
  <testcase name="window_popup" time="12.699" classname="IFrames_windows.Bootstrap_no_iframe"/>
</testsuite> <!-- IFrames_windows.Bootstrap_no_iframe -->
