<?xml version="1.0" encoding="UTF-8"?>
<!-- Generated by org.testng.reporters.JUnitReportReporter -->
<testsuite name="testNg.testngAnnotations" tests="2" time="0.007" ignored="0" failures="0" timestamp="26 Jun 2021 10:48:05 GMT" skipped="0" hostname="LAPTOP-75G6PTHA" errors="0">
  <testcase name="test2" time="0.001" classname="testNg.testngAnnotations"/>
  <testcase name="test1" time="0.006" classname="testNg.testngAnnotations"/>
</testsuite> <!-- testNg.testngAnnotations -->
