<?xml version="1.0" encoding="UTF-8"?>
<!-- Generated by org.testng.reporters.JUnitReportReporter -->
<testsuite name="priority_case.case1" tests="2" time="0.018" ignored="0" failures="0" timestamp="23 Jun 2021 06:53:48 GMT" skipped="0" hostname="LAPTOP-75G6PTHA" errors="0">
  <testcase name="b_method" time="0.017" classname="priority_case.case1"/>
  <testcase name="a_method" time="0.001" classname="priority_case.case1"/>
</testsuite> <!-- priority_case.case1 -->
