<?xml version="1.0" encoding="UTF-8"?>
<!-- Generated by org.testng.reporters.JUnitReportReporter -->
<testsuite name="IFrames_windows.Multiple_popups" tests="1" time="26.764" ignored="0" failures="0" timestamp="27 May 2021 12:43:39 GMT" skipped="0" hostname="LAPTOP-75G6PTHA" errors="0">
  <testcase name="main" time="26.764" classname="IFrames_windows.Multiple_popups"/>
</testsuite> <!-- IFrames_windows.Multiple_popups -->
