<?xml version="1.0" encoding="UTF-8"?>
<!-- Generated by org.testng.reporters.JUnitReportReporter -->
<testsuite name="POM_pages.WordpressLogin" tests="1" time="16.196" ignored="0" failures="0" timestamp="26 May 2021 11:17:44 GMT" skipped="0" hostname="LAPTOP-75G6PTHA" errors="0">
  <testcase name="wordpress_login" time="16.196" classname="POM_pages.WordpressLogin"/>
</testsuite> <!-- POM_pages.WordpressLogin -->
